<?xml version="1.0" encoding="UTF-8"?>
<testsuite xmlns:xsi="http://www.w3.org/2001/XMLSchema-instance" xsi:schemaLocation="https://maven.apache.org/surefire/maven-surefire-plugin/xsd/surefire-test-report.xsd" name="TestRunner.TestRunner" time="11.319" tests="2" errors="0" skipped="0" failures="0">
  <properties>
[...]
</properties>
  <testcase name="Verify if place is being Successfully added using AddPlace API" classname="validating Place API&apos;s" time="8.037"/>
  <testcase name="Verify if Delete place functionality is working" classname="validating Place API&apos;s" time="1.462"/>
</testsuite>